2026-03-08 21:38:36,824 - loaded 2026-03-07_15-13-57.zip | david | standing | 760 accel samples
2026-03-08 21:38:36,859 - loaded 2026-03-07_15-14-07.zip | david | standing | 762 accel samples
2026-03-08 21:38:36,974 - loaded 2026-03-07_15-14-17.zip | david | standing | 754 accel samples
2026-03-08 21:38:37,003 - loaded 2026-03-07_15-14-29.zip | david | standing | 681 accel samples
2026-03-08 21:38:37,139 - loaded 2026-03-07_15-14-37.zip | david | standing | 694 accel samples
2026-03-08 21:38:37,158 - loaded 2026-03-07_15-14-45.zip | david | standing | 662 accel samples
2026-03-08 21:38:37,279 - loaded 2026-03-07_15-15-04.zip | david | standing | 837 accel samples
2026-03-08 21:38:37,324 - loaded 2026-03-07_15-17-35.zip | david | walking | 745 accel samples
2026-03-08 21:38:37,348 - loaded 2026-03-07_15-17-46.zip | david | walking | 742 accel samples
2026-03-08 21:38:37,430 - loaded 2026-03-07_15-17-56.zip | david | walking | 671 accel samples
2026-03-08 21:38:37,461 - loaded 2026-03-07_15-19-13.zip | david | walking | 734 accel samples
2026-03-08 21:38:37,547 - loaded 2026-03-07_15-19-23.zip | david | walking | 774 accel samples
2026-03-08 21:38:37,577 - loaded 2026-03-07_15-19-33.zip | david | walking | 541 accel samples
2026-03-08 21:38:37,623 - loaded 2026-03-07_15-22-22.zip | david | jumping | 815 accel samples
2026-03-08 21:38:37,663 - loaded 2026-03-07_15-22-41.zip | david | jumping | 779 accel samples
2026-03-08 21:38:37,783 - loaded 2026-03-07_15-22-49.zip | david | jumping | 744 accel samples
2026-03-08 21:38:37,929 - loaded 2026-03-07_15-23-00.zip | david | jumping | 687 accel samples
2026-03-08 21:38:37,976 - loaded 2026-03-07_15-23-08.zip | david | jumping | 773 accel samples
2026-03-08 21:38:38,074 - loaded 2026-03-07_15-23-16.zip | david | jumping | 750 accel samples
2026-03-08 21:38:38,182 - loaded 2026-03-07_15-24-53.zip | david | still | 718 accel samples
2026-03-08 21:38:38,228 - loaded 2026-03-07_15-25-01.zip | david | still | 1158 accel samples
2026-03-08 21:38:38,260 - loaded 2026-03-07_15-25-13.zip | david | still | 665 accel samples
2026-03-08 21:38:38,278 - loaded 2026-03-07_15-25-21.zip | david | still | 737 accel samples
2026-03-08 21:38:38,297 - loaded 2026-03-07_15-25-31.zip | david | still | 711 accel samples
2026-03-08 21:38:38,327 - loaded 2026-03-07_15-25-40.zip | david | still | 728 accel samples
2026-03-08 21:38:38,347 - loaded jumping-2026-03-06_10-15-35.zip | queen | jumping | 980 accel samples
2026-03-08 21:38:38,374 - loaded jumping-2026-03-06_10-15-47.zip | queen | jumping | 1042 accel samples
2026-03-08 21:38:38,394 - loaded jumping-2026-03-06_10-15-58.zip | queen | jumping | 760 accel samples
2026-03-08 21:38:38,411 - loaded jumping-2026-03-06_10-16-10.zip | queen | jumping | 789 accel samples
2026-03-08 21:38:38,429 - loaded jumping_-2026-03-06_10-16-22.zip | queen | jumping | 956 accel samples
2026-03-08 21:38:38,459 - loaded phone_at_rest-2026-03-05_09-17-24.zip | queen | still | 875 accel samples
2026-03-08 21:38:38,493 - loaded phone_at_rest-2026-03-05_09-17-36.zip | queen | still | 799 accel samples
2026-03-08 21:38:38,513 - loaded phone_at_rest-2026-03-05_09-17-45.zip | queen | still | 639 accel samples
2026-03-08 21:38:38,562 - loaded phone_at_rest-2026-03-05_09-17-53.zip | queen | still | 986 accel samples
2026-03-08 21:38:38,597 - loaded phone_at_rest-2026-03-05_09-18-16.zip | queen | still | 606 accel samples
2026-03-08 21:38:38,644 - loaded phone_at_rest-2026-03-05_09-18-33.zip | queen | still | 765 accel samples
2026-03-08 21:38:38,689 - loaded phone_at_rest-2026-03-05_09-18-47.zip | queen | still | 687 accel samples
2026-03-08 21:38:38,746 - loaded standing-2026-03-05_19-41-14.zip | queen | standing | 669 accel samples
2026-03-08 21:38:38,790 - loaded standing-2026-03-05_19-41-22.zip | queen | standing | 777 accel samples
2026-03-08 21:38:38,817 - loaded standing-2026-03-05_19-42-01.zip | queen | standing | 786 accel samples
2026-03-08 21:38:38,845 - loaded standing-2026-03-05_19-42-10.zip | queen | standing | 979 accel samples
2026-03-08 21:38:38,873 - loaded standing-2026-03-05_19-42-21.zip | queen | standing | 680 accel samples
2026-03-08 21:38:38,893 - loaded standing_-2026-03-05_19-42-29.zip | queen | standing | 674 accel samples
2026-03-08 21:38:38,924 - loaded standing_-2026-03-05_19-42-47.zip | queen | standing | 614 accel samples
2026-03-08 21:38:38,948 - loaded walking_-2026-03-05_19-29-52.zip | queen | walking | 847 accel samples
2026-03-08 21:38:38,980 - loaded walking_-2026-03-05_19-30-01.zip | queen | walking | 1009 accel samples
2026-03-08 21:38:39,005 - loaded walking_-2026-03-05_19-30-17.zip | queen | walking | 737 accel samples
2026-03-08 21:38:39,025 - loaded walking_-2026-03-05_19-30-25.zip | queen | walking | 877 accel samples
2026-03-08 21:38:39,046 - loaded walking_-2026-03-05_19-30-45.zip | queen | walking | 749 accel samples
2026-03-08 21:38:39,075 - loaded walking_-2026-03-05_19-30-54.zip | queen | walking | 697 accel samples
2026-03-08 21:38:51,188 - extracted 695 windows with 20 features
2026-03-08 21:39:20,725 - training complete: {'converged': True, 'n_iter': 11, 'log_likelihood': 26287.244867391462}
